VirtualBox COM Server 5.2.26 r128414 win.amd64 (Jan 25 2019 18:59:02) release log
00:00:00.073894 main     Log opened 2019-04-08T18:27:24.185801800Z
00:00:00.073894 main     Build Type: release
00:00:00.073894 main     OS Product: Windows 10
00:00:00.073894 main     OS Release: 10.0.17134
00:00:00.073894 main     OS Service Pack: 
00:00:00.091752 main     DMI Product Name: X756UXK
00:00:00.101765 main     DMI Product Version: 1.0       
00:00:00.101765 main     Host RAM: 8072MB (7.8GB) total, 4615MB (4.5GB) available
00:00:00.101765 main     Executable: F:\14.7_VM\tps\VirtualBox\VBoxSVC.exe
00:00:00.101765 main     Process ID: 3348
00:00:00.101765 main     Package type: WINDOWS_64BITS_GENERIC
00:00:00.159759          VirtualBox: object creation starts
00:00:00.164230          Home directory: 'C:\Users\andre\.VirtualBox'
00:00:00.176064          Installed Drivers:
00:00:00.181028            C:\WINDOWS\system32\DRIVERS\VBoxNetLwf.sys (Version: 5.2.26.28414)
00:00:00.182319            C:\WINDOWS\system32\DRIVERS\VBoxUSBMon.sys (Version: 5.2.26.28414)
00:00:00.183313            C:\WINDOWS\system32\DRIVERS\VBoxDrv.sys (Version: 5.2.26.28414)
00:00:00.184305            C:\WINDOWS\system32\DRIVERS\VBoxNetAdp6.sys (Version: 5.2.26.28414)
00:00:00.225758          Loading settings file "C:\Users\andre\.VirtualBox\VirtualBox.xml" with version "1.12-windows"
00:00:00.281637          Getting USB descriptor failed with error 31
00:00:00.281637          Getting USB descriptor failed with error 31
00:00:00.286351          USB: Unknown USB device detected (idVendor: 0x04f2, idProduct: 0xb52b)
00:00:00.286351          USB: Unknown USB device detected (idVendor: 0x12c9, idProduct: 0x1001)
00:00:00.286832          USB: Unknown USB device detected (idVendor: 0x13d3, idProduct: 0x3472)
00:00:00.452237          netIfIsWireless: CreateFile on '\\.\{F4A9DB8C-75C1-4805-B0D4-7D543797F421}' failed with rcWin=2 (0x2) - ignoring
00:00:00.502074          HostDnsMonitor: old information
00:00:00.502074            no server entries
00:00:00.502074            no domain set
00:00:00.502074            no search string entries
00:00:00.502074          HostDnsMonitor: new information
00:00:00.502074            server 1: 192.168.0.1
00:00:00.502074            no domain set
00:00:00.502074            no search string entries
00:00:00.502074          HostDnsMonitorProxy::notify
00:00:00.584312          VD: VDInit finished with VINF_SUCCESS
00:00:00.670055          Loading settings file "C:\Users\andre\VirtualBox VMs\CentOS7\CentOS7.vbox" with version "1.16-windows"
00:00:00.675797          Loading settings file "C:\Users\andre\VirtualBox VMs\test\test.vbox" with version "1.16-windows"
00:00:00.678276          Loading settings file "C:\Users\andre\VirtualBox VMs\fdgh\fdgh.vbox" with version "1.15-windows"
00:00:00.679540          VirtualBox: object created
00:00:04.555913          Saving settings file "C:\Users\andre\.VirtualBox\VirtualBox.xml" with version "1.12-windows"
00:00:04.600968          Saving settings file "C:\Users\andre\.VirtualBox\VirtualBox.xml" with version "1.12-windows"
00:00:08.927100          ERROR [COM]: aRC=VBOX_E_OBJECT_NOT_FOUND (0x80bb0001) aIID={edba9d10-45d8-b440-1712-46ac0c9bc4c5} aComponent={ExtPackManagerWrap} aText={No extension pack by the name 'Oracle VM VirtualBox Extension Pack' was found}, preserve=false aResultDetail=0
00:00:09.222314          ERROR [COM]: aRC=VBOX_E_IPRT_ERROR (0x80bb0005) aIID={85cd948e-a71f-4289-281e-0ca7ad48cd89} aComponent={SessionMachine} aText={Saved screenshot data is not available (VERR_NOT_SUPPORTED)}, preserve=false aResultDetail=0
00:00:09.526630          netIfIsWireless: CreateFile on '\\.\{F4A9DB8C-75C1-4805-B0D4-7D543797F421}' failed with rcWin=2 (0x2) - ignoring
00:14:39.046660 MainPower Host suspending: Paused 1 VMs
00:14:39.549605 USBPROXY Getting USB descriptor failed with error 31
00:54:45.194726 MainPower Host resumed: Resumed 1 VMs
00:54:47.149461 dns-monitor HostDnsMonitor: old information
00:54:47.149461 dns-monitor   server 1: 192.168.0.1
00:54:47.149461 dns-monitor   no domain set
00:54:47.149461 dns-monitor   no search string entries
00:54:47.149461 dns-monitor HostDnsMonitor: new information
00:54:47.149461 dns-monitor   no server entries
00:54:47.149957 dns-monitor   no domain set
00:54:47.149957 dns-monitor   no search string entries
00:54:47.149957 dns-monitor HostDnsMonitorProxy::notify
00:55:08.015666 dns-monitor HostDnsMonitor: old information
00:55:08.015666 dns-monitor   no server entries
00:55:08.015666 dns-monitor   no domain set
00:55:08.015666 dns-monitor   no search string entries
00:55:08.015666 dns-monitor HostDnsMonitor: new information
00:55:08.015666 dns-monitor   server 1: 10.5.5.11
00:55:08.015666 dns-monitor   server 2: 10.5.5.12
00:55:08.015666 dns-monitor   domain: upt.ro
00:55:08.015666 dns-monitor   no search string entries
00:55:08.015666 dns-monitor HostDnsMonitorProxy::notify
00:55:39.511638 USBPROXY Getting USB descriptor failed with error 31
01:02:10.149579          Saving settings file "C:\Users\andre\VirtualBox VMs\test\test.vbox" with version "1.16-windows"
01:02:12.922328          Saving settings file "C:\Users\andre\VirtualBox VMs\test\test.vbox" with version "1.16-windows"
01:06:29.886524          Saving settings file "C:\Users\andre\.VirtualBox\VirtualBox.xml" with version "1.12-windows"
01:06:29.893468          Saving settings file "C:\Users\andre\.VirtualBox\VirtualBox.xml" with version "1.12-windows"
01:06:35.411791 main     VirtualBox: object deletion starts
01:06:35.411791 main     ERROR [COM]: aRC=VBOX_E_OBJECT_IN_USE (0x80bb000c) aIID={4afe423b-43e0-e9d0-82e8-ceb307940dda} aComponent={MediumWrap} aText={Medium 'C:\Users\andre\VirtualBox VMs\CentOS7\CentOS7.vdi' cannot be closed because it is still attached to 1 virtual machines}, preserve=false aResultDetail=0
01:06:35.412285 main     ERROR [COM]: aRC=VBOX_E_OBJECT_IN_USE (0x80bb000c) aIID={4afe423b-43e0-e9d0-82e8-ceb307940dda} aComponent={MediumWrap} aText={Medium 'C:\Users\andre\VirtualBox VMs\test\test.vhd' cannot be closed because it is still attached to 1 virtual machines}, preserve=false aResultDetail=0
01:06:35.412815 main     ERROR [COM]: aRC=VBOX_E_OBJECT_IN_USE (0x80bb000c) aIID={4afe423b-43e0-e9d0-82e8-ceb307940dda} aComponent={MediumWrap} aText={Medium 'C:\Users\andre\VirtualBox VMs\fdgh\fdgh.vdi' cannot be closed because it is still attached to 1 virtual machines}, preserve=false aResultDetail=0
01:06:35.415758 Watcher  ERROR [COM]: aRC=E_ACCESSDENIED (0x80070005) aIID={9570b9d5-f1a1-448a-10c5-e12f5285adad} aComponent={VirtualBoxWrap} aText={The object is not ready}, preserve=false aResultDetail=0
01:06:35.415758 main     VirtualBox: object deleted
